Zigbee2MQTT:info  2024-02-17 05:01:04: Starting zigbee-herdsman (0.33.8)
======== Ember Adapter Starting ========
======== EZSP starting ========
======== ASH NCP reset ========
======== ASH starting ========
======== ASH connected ========
======== ASH started ========
======== EZSP started ========
Registered endpoint 1 with status=SUCCESS.
Registered endpoint 242 with status=SUCCESS.
Registered multicast table entry: {"multicastId":2948,"endpoint":242,"networkIndex":0}.
[STACK STATUS] Network up.
[INIT TC] NCP network matches config.
[CONCENTRATOR] Started source route discovery. 1248ms until next broadcast.
Zigbee2MQTT:info  2024-02-17 05:01:06: zigbee-herdsman started (resumed)
Zigbee2MQTT:info  2024-02-17 05:01:06: Coordinator firmware version: '{"meta":{"build":0,"ezsp":13,"major":7,"minor":4,"patch":0,"revision":"7.4.0 [GA]","special":0,"type":170},"type":"EZSP v13"}'
Zigbee2MQTT:info  2024-02-17 05:01:06: Currently 2 devices are joined:
...
Zigbee2MQTT:info  2024-02-17 05:01:06: Zigbee: disabling joining new devices.
Zigbee2MQTT:info  2024-02-17 05:01:06: Connecting to MQTT server at mqtt://localhost:1883
Zigbee2MQTT:info  2024-02-17 05:01:06: Connected to MQTT server
...
Zigbee2MQTT:info  2024-02-17 05:01:06: Started frontend on port 0.0.0.0:8080
...
Zigbee2MQTT:info  2024-02-17 05:01:06: Zigbee2MQTT started!
!!! NCP FATAL ERROR reason=ERROR_INVALID_CALL. ATTEMPTING RESET... !!!
┌──────────────┬──────────┬─────────────┐
│   (index)    │ Received │ Transmitted │
├──────────────┼──────────┼─────────────┤
│ Total frames │    55    │     106     │
│  Cancelled   │    0     │      0      │
│ DATA frames  │    54    │     50      │
│  DATA bytes  │   477    │     495     │
│ Retry frames │    0     │      0      │
│  ACK frames  │    0     │     55      │
│  NAK frames  │    0     │      0      │
│ nRdy frames  │    0     │      0      │
└──────────────┴──────────┴─────────────┘
┌──────────────────┬──────────┐
│     (index)      │ Received │
├──────────────────┼──────────┤
│    CRC errors    │    0     │
│   Comm errors    │    0     │
│ Length < minimum │    0     │
│ Length > maximum │    0     │
│   Bad controls   │    0     │
│   Bad lengths    │    0     │
│ Bad ACK numbers  │    0     │
│  Out of buffers  │    0     │
│   Retry dupes    │    0     │
│ Out of sequence  │    0     │
│   ACK timeouts   │    0     │
└──────────────────┴──────────┘
Port closed. Error? no
======== ASH stopped ========
======== EZSP stopped ========
======== Ember Adapter Stopped ========
======== Ember Adapter Starting ========
======== EZSP starting ========
======== ASH NCP reset ========
======== ASH starting ========
======== ASH connected ========
======== ASH started ========
======== EZSP started ========
Registered endpoint 1 with status=SUCCESS.
Registered endpoint 242 with status=SUCCESS.
Registered multicast table entry: {"multicastId":2948,"endpoint":242,"networkIndex":0}.
[STACK STATUS] Network up.
[INIT TC] NCP network matches config.
[CONCENTRATOR] Started source route discovery. 1248ms until next broadcast.
...
Zigbee2MQTT:debug 2024-02-17 05:01:42: Received Zigbee message from 
Zigbee2MQTT:info  2024-02-17 05:01:42: MQTT publish: topic 
Zigbee2MQTT:debug 2024-02-17 05:01:46: Received MQTT message on
Zigbee2MQTT:debug 2024-02-17 05:01:46: Publishing 'set' 'state' to 
Zigbee2MQTT:info  2024-02-17 05:01:46: MQTT publish: topic 
Zigbee2MQTT:debug 2024-02-17 05:01:46: Received Zigbee message from 
...
Zigbee2MQTT:info  2024-02-17 05:01:54: Disconnecting from MQTT server
Zigbee2MQTT:info  2024-02-17 05:01:54: Stopping zigbee-herdsman...
┌──────────────┬──────────┬─────────────┐
│   (index)    │ Received │ Transmitted │
├──────────────┼──────────┼─────────────┤
│ Total frames │    70    │     125     │
│  Cancelled   │    0     │      0      │
│ DATA frames  │    69    │     58      │
│  DATA bytes  │   807    │     630     │
│ Retry frames │    0     │      0      │
│  ACK frames  │    0     │     66      │
│  NAK frames  │    0     │      0      │
│ nRdy frames  │    0     │      0      │
└──────────────┴──────────┴─────────────┘
┌──────────────────┬──────────┐
│     (index)      │ Received │
├──────────────────┼──────────┤
│    CRC errors    │    0     │
│   Comm errors    │    0     │
│ Length < minimum │    0     │
│ Length > maximum │    0     │
│   Bad controls   │    0     │
│   Bad lengths    │    0     │
│ Bad ACK numbers  │    0     │
│  Out of buffers  │    0     │
│   Retry dupes    │    0     │
│ Out of sequence  │    0     │
│   ACK timeouts   │    0     │
└──────────────────┴──────────┘
Port closed. Error? no
======== ASH stopped ========
======== EZSP stopped ========
======== Ember Adapter Stopped ========
Zigbee2MQTT:info  2024-02-17 05:01:54: Stopped zigbee-herdsman
Zigbee2MQTT:info  2024-02-17 05:01:54: Stopped Zigbee2MQTT
