Zigbee2MQTT:info  2024-02-16 01:23:56: Starting zigbee-herdsman (0.33.8)
======== Ember Adapter Starting ========
======== EZSP starting ========
======== ASH NCP reset ========
======== ASH starting ========
======== ASH connected ========
======== ASH started ========
======== EZSP started ========
Registered endpoint 1 with status=SUCCESS.
Registered endpoint 242 with status=SUCCESS.
Registered multicast table entry: {"multicastId":2948,"endpoint":242,"networkIndex":0}.
[STACK STATUS] Network up.
[INIT TRUST CENTER] NCP network does not match config. Leaving network...
[STACK STATUS] Network down.
[FORM NETWORK] Forming new network with: {"panId":23067,"extendedPanId":[245,142,20,52,38,197,113,163],"radioTxPower":5,"radioChannel":20,"joinMethod":0,"nwkManagerId":0,"nwkUpdateId":0,"channels":51955712}
[STACK STATUS] Network up.
[FORM NETWORK] New network formed!
[CONCENTRATOR] Started source route discovery. 1248ms until next broadcast.
Zigbee2MQTT:info  2024-02-16 01:23:59: zigbee-herdsman started (reset)
Zigbee2MQTT:info  2024-02-16 01:23:59: Coordinator firmware version: '{"meta":{"build":0,"ezsp":13,"major":7,"minor":4,"patch":0,"revision":"7.4.0 [GA]","special":0,"type":170},"type":"EZSP v13"}'
Zigbee2MQTT:info  2024-02-16 01:23:59: Currently 0 devices are joined:
Zigbee2MQTT:info  2024-02-16 01:23:59: Zigbee: disabling joining new devices.
Zigbee2MQTT:info  2024-02-16 01:23:59: Connecting to MQTT server at mqtt://localhost:1883
Zigbee2MQTT:info  2024-02-16 01:23:59: Connected to MQTT server
Zigbee2MQTT:info  2024-02-16 01:23:59: Started frontend on port 0.0.0.0:8080
Zigbee2MQTT:info  2024-02-16 01:23:59: Zigbee2MQTT started!
Zigbee2MQTT:info  2024-02-16 01:24:38: Zigbee: allowing new devices to join.
[STACK STATUS] Network opened.
Zigbee2MQTT:info  2024-02-16 01:24:40: Device 'X' joined
Zigbee2MQTT:info  2024-02-16 01:24:40: Starting interview of 'X'
[ZDO] Node descriptor for "x" reports device is only compliant to revision "21" of the ZigBee specification (current revision: 23).
Zigbee2MQTT:info  2024-02-16 01:24:42: Successfully interviewed 'X', device has successfully been paired
Zigbee2MQTT:info  2024-02-16 01:24:42: Device 'X' is supported, identified as: Lonsonho Zigbee 3.0 LED-bulb, RGBW LED (ZB-RGBCW)
Zigbee2MQTT:info  2024-02-16 01:24:42: Configuring 'X'
Zigbee2MQTT:info  2024-02-16 01:24:42: Successfully configured 'X'
Zigbee2MQTT:info  2024-02-16 01:25:33: Device 'Y' joined
Zigbee2MQTT:info  2024-02-16 01:25:33: Starting interview of 'Y'
[ZDO] Node descriptor for "y" reports device is only compliant to revision "22" of the ZigBee specification (current revision: 23).
Zigbee2MQTT:info  2024-02-16 01:25:46: Successfully interviewed 'Y', device has successfully been paired
Zigbee2MQTT:info  2024-02-16 01:25:46: Device 'Y' is supported, identified as: Linkind PIR motion sensor, wireless motion detector (ZS1100400-IN-V1A02)
Zigbee2MQTT:info  2024-02-16 01:25:46: Configuring 'Y'
Zigbee2MQTT:info  2024-02-16 01:25:47: Successfully configured 'Y'
Zigbee2MQTT:info  2024-02-16 01:27:49: Device 'Z' joined
Zigbee2MQTT:info  2024-02-16 01:27:49: Starting interview of 'Z'
[ZDO] Node descriptor for "z" reports device is only compliant to revision "21" of the ZigBee specification (current revision: 23).
Zigbee2MQTT:info  2024-02-16 01:27:51: Successfully interviewed 'Z', device has successfully been paired
Zigbee2MQTT:info  2024-02-16 01:27:51: Device 'Z' is supported, identified as: TuYa 2 gang switch (TS0002)
Zigbee2MQTT:info  2024-02-16 01:27:52: Configuring 'Z'
Zigbee2MQTT:info  2024-02-16 01:27:52: Successfully configured 'Z'
[STACK STATUS] Network closed.
Zigbee2MQTT:info  2024-02-16 01:29:32: Starting network scan (includeRoutes 'false')
Zigbee2MQTT:info  2024-02-16 01:29:36: Network scan finished
