2024-02-16T19:04:13.479Z zigbee-herdsman:adapter:ember:adapter:tokens [TOKENS] Saving 37 tokens, without secure storage.
2024-02-16T19:04:13.494Z zigbee-herdsman:adapter:ember:adapter:tokens [TOKENS] TOKEN nvm3Key=NVM3KEY_STACK_NVDATA_VERSION size=2 arraySize=1 ...
2024-02-16T19:04:13.508Z zigbee-herdsman:adapter:ember:adapter:tokens [TOKENS] TOKEN nvm3Key=NVM3KEY_STACK_APS_FRAME_COUNTER size=4 arraySize=1 ...
2024-02-16T19:04:13.525Z zigbee-herdsman:adapter:ember:adapter:tokens [TOKENS] TOKEN nvm3Key=NVM3KEY_STACK_ALTERNATE_KEY size=17 arraySize=1 ...
2024-02-16T19:04:13.541Z zigbee-herdsman:adapter:ember:adapter:tokens [TOKENS] TOKEN nvm3Key=NVM3KEY_STACK_BOOT_COUNTER size=4 arraySize=1 ...
2024-02-16T19:04:13.556Z zigbee-herdsman:adapter:ember:adapter:tokens [TOKENS] TOKEN nvm3Key=NVM3KEY_STACK_NONCE_COUNTER size=4 arraySize=1 ...
2024-02-16T19:04:13.572Z zigbee-herdsman:adapter:ember:adapter:tokens [TOKENS] TOKEN nvm3Key=NVM3KEY_STACK_ANALYSIS_REBOOT size=2 arraySize=1 ...
2024-02-16T19:04:13.589Z zigbee-herdsman:adapter:ember:adapter:tokens [TOKENS] TOKEN nvm3Key=NVM3KEY_STACK_KEYS size=17 arraySize=1 ...
2024-02-16T19:04:13.607Z zigbee-herdsman:adapter:ember:adapter:tokens [TOKENS] TOKEN nvm3Key=NVM3KEY_STACK_NODE_DATA size=16 arraySize=1 ...
2024-02-16T19:04:13.627Z zigbee-herdsman:adapter:ember:adapter:tokens [TOKENS] TOKEN nvm3Key=NVM3KEY_STACK_TRUST_CENTER size=26 arraySize=1 ...
2024-02-16T19:04:13.644Z zigbee-herdsman:adapter:ember:adapter:tokens [TOKENS] TOKEN nvm3Key=NVM3KEY_STACK_NETWORK_MANAGEMENT size=8 arraySize=1 ...
2024-02-16T19:04:13.661Z zigbee-herdsman:adapter:ember:adapter:tokens [TOKENS] TOKEN nvm3Key=NVM3KEY_STACK_PARENT_INFO size=10 arraySize=1 ...
2024-02-16T19:04:13.677Z zigbee-herdsman:adapter:ember:adapter:tokens [TOKENS] TOKEN nvm3Key=NVM3KEY_STACK_PARENT_ADDITIONAL_INFO size=2 arraySize=1 ...
2024-02-16T19:04:13.696Z zigbee-herdsman:adapter:ember:adapter:tokens [TOKENS] TOKEN nvm3Key=NVM3KEY_STACK_MULTI_PHY_NWK_INFO size=24 arraySize=1 ...
2024-02-16T19:04:13.712Z zigbee-herdsman:adapter:ember:adapter:tokens [TOKENS] TOKEN nvm3Key=NVM3KEY_STACK_MIN_RECEIVED_RSSI size=1 arraySize=1 ...
2024-02-16T19:04:13.729Z zigbee-herdsman:adapter:ember:adapter:tokens [TOKENS] TOKEN nvm3Key=NVM3KEY_STACK_RESTORED_EUI64 size=8 arraySize=1 ...
2024-02-16T19:04:13.790Z zigbee-herdsman:adapter:ember:adapter:tokens [TOKENS] TOKEN nvm3Key=NVM3KEY_MULTI_NETWORK_STACK_NONCE_COUNTER size=4 arraySize=1 ...
2024-02-16T19:04:13.817Z zigbee-herdsman:adapter:ember:adapter:tokens [TOKENS] TOKEN nvm3Key=NVM3KEY_STACK_BINDING_TABLE size=13 arraySize=32 ...
2024-02-16T19:04:13.829Z zigbee-herdsman:adapter:ember:adapter:tokens [TOKENS] TOKEN nvm3Key=NVM3KEY_STACK_BINDING_TABLE size=13 arraySize=32 ...
2024-02-16T19:04:13.842Z zigbee-herdsman:adapter:ember:adapter:tokens [TOKENS] TOKEN nvm3Key=NVM3KEY_STACK_BINDING_TABLE size=13 arraySize=32 ...
2024-02-16T19:04:13.854Z zigbee-herdsman:adapter:ember:adapter:tokens [TOKENS] TOKEN nvm3Key=NVM3KEY_STACK_BINDING_TABLE size=13 arraySize=32 ...
2024-02-16T19:04:13.867Z zigbee-herdsman:adapter:ember:adapter:tokens [TOKENS] TOKEN nvm3Key=NVM3KEY_STACK_BINDING_TABLE size=13 arraySize=32 ...
2024-02-16T19:04:13.879Z zigbee-herdsman:adapter:ember:adapter:tokens [TOKENS] TOKEN nvm3Key=NVM3KEY_STACK_BINDING_TABLE size=13 arraySize=32 ...
2024-02-16T19:04:13.891Z zigbee-herdsman:adapter:ember:adapter:tokens [TOKENS] TOKEN nvm3Key=NVM3KEY_STACK_BINDING_TABLE size=13 arraySize=32 ...
2024-02-16T19:04:13.903Z zigbee-herdsman:adapter:ember:adapter:tokens [TOKENS] TOKEN nvm3Key=NVM3KEY_STACK_BINDING_TABLE size=13 arraySize=32 ...
2024-02-16T19:04:13.915Z zigbee-herdsman:adapter:ember:adapter:tokens [TOKENS] TOKEN nvm3Key=NVM3KEY_STACK_BINDING_TABLE size=13 arraySize=32 ...
2024-02-16T19:04:13.927Z zigbee-herdsman:adapter:ember:adapter:tokens [TOKENS] TOKEN nvm3Key=NVM3KEY_STACK_BINDING_TABLE size=13 arraySize=32 ...
2024-02-16T19:04:13.939Z zigbee-herdsman:adapter:ember:adapter:tokens [TOKENS] TOKEN nvm3Key=NVM3KEY_STACK_BINDING_TABLE size=13 arraySize=32 ...
2024-02-16T19:04:13.951Z zigbee-herdsman:adapter:ember:adapter:tokens [TOKENS] TOKEN nvm3Key=NVM3KEY_STACK_BINDING_TABLE size=13 arraySize=32 ...
2024-02-16T19:04:13.963Z zigbee-herdsman:adapter:ember:adapter:tokens [TOKENS] TOKEN nvm3Key=NVM3KEY_STACK_BINDING_TABLE size=13 arraySize=32 ...
2024-02-16T19:04:13.975Z zigbee-herdsman:adapter:ember:adapter:tokens [TOKENS] TOKEN nvm3Key=NVM3KEY_STACK_BINDING_TABLE size=13 arraySize=32 ...
2024-02-16T19:04:13.987Z zigbee-herdsman:adapter:ember:adapter:tokens [TOKENS] TOKEN nvm3Key=NVM3KEY_STACK_BINDING_TABLE size=13 arraySize=32 ...
2024-02-16T19:04:13.999Z zigbee-herdsman:adapter:ember:adapter:tokens [TOKENS] TOKEN nvm3Key=NVM3KEY_STACK_BINDING_TABLE size=13 arraySize=32 ...
2024-02-16T19:04:14.011Z zigbee-herdsman:adapter:ember:adapter:tokens [TOKENS] TOKEN nvm3Key=NVM3KEY_STACK_BINDING_TABLE size=13 arraySize=32 ...
2024-02-16T19:04:14.023Z zigbee-herdsman:adapter:ember:adapter:tokens [TOKENS] TOKEN nvm3Key=NVM3KEY_STACK_BINDING_TABLE size=13 arraySize=32 ...
2024-02-16T19:04:14.036Z zigbee-herdsman:adapter:ember:adapter:tokens [TOKENS] TOKEN nvm3Key=NVM3KEY_STACK_BINDING_TABLE size=13 arraySize=32 ...
2024-02-16T19:04:14.048Z zigbee-herdsman:adapter:ember:adapter:tokens [TOKENS] TOKEN nvm3Key=NVM3KEY_STACK_BINDING_TABLE size=13 arraySize=32 ...
2024-02-16T19:04:14.061Z zigbee-herdsman:adapter:ember:adapter:tokens [TOKENS] TOKEN nvm3Key=NVM3KEY_STACK_BINDING_TABLE size=13 arraySize=32 ...
2024-02-16T19:04:14.073Z zigbee-herdsman:adapter:ember:adapter:tokens [TOKENS] TOKEN nvm3Key=NVM3KEY_STACK_BINDING_TABLE size=13 arraySize=32 ...
2024-02-16T19:04:14.086Z zigbee-herdsman:adapter:ember:adapter:tokens [TOKENS] TOKEN nvm3Key=NVM3KEY_STACK_BINDING_TABLE size=13 arraySize=32 ...
2024-02-16T19:04:14.099Z zigbee-herdsman:adapter:ember:adapter:tokens [TOKENS] TOKEN nvm3Key=NVM3KEY_STACK_BINDING_TABLE size=13 arraySize=32 ...
2024-02-16T19:04:14.111Z zigbee-herdsman:adapter:ember:adapter:tokens [TOKENS] TOKEN nvm3Key=NVM3KEY_STACK_BINDING_TABLE size=13 arraySize=32 ...
2024-02-16T19:04:14.123Z zigbee-herdsman:adapter:ember:adapter:tokens [TOKENS] TOKEN nvm3Key=NVM3KEY_STACK_BINDING_TABLE size=13 arraySize=32 ...
2024-02-16T19:04:14.135Z zigbee-herdsman:adapter:ember:adapter:tokens [TOKENS] TOKEN nvm3Key=NVM3KEY_STACK_BINDING_TABLE size=13 arraySize=32 ...
2024-02-16T19:04:14.146Z zigbee-herdsman:adapter:ember:adapter:tokens [TOKENS] TOKEN nvm3Key=NVM3KEY_STACK_BINDING_TABLE size=13 arraySize=32 ...
2024-02-16T19:04:14.158Z zigbee-herdsman:adapter:ember:adapter:tokens [TOKENS] TOKEN nvm3Key=NVM3KEY_STACK_BINDING_TABLE size=13 arraySize=32 ...
2024-02-16T19:04:14.170Z zigbee-herdsman:adapter:ember:adapter:tokens [TOKENS] TOKEN nvm3Key=NVM3KEY_STACK_BINDING_TABLE size=13 arraySize=32 ...
2024-02-16T19:04:14.182Z zigbee-herdsman:adapter:ember:adapter:tokens [TOKENS] TOKEN nvm3Key=NVM3KEY_STACK_BINDING_TABLE size=13 arraySize=32 ...
2024-02-16T19:04:14.194Z zigbee-herdsman:adapter:ember:adapter:tokens [TOKENS] TOKEN nvm3Key=NVM3KEY_STACK_BINDING_TABLE size=13 arraySize=32 ...
2024-02-16T19:04:14.211Z zigbee-herdsman:adapter:ember:adapter:tokens [TOKENS] TOKEN nvm3Key=NVM3KEY_STACK_CHILD_TABLE size=11 arraySize=32 ...
2024-02-16T19:04:14.223Z zigbee-herdsman:adapter:ember:adapter:tokens [TOKENS] TOKEN nvm3Key=NVM3KEY_STACK_CHILD_TABLE size=11 arraySize=32 ...
2024-02-16T19:04:14.234Z zigbee-herdsman:adapter:ember:adapter:tokens [TOKENS] TOKEN nvm3Key=NVM3KEY_STACK_CHILD_TABLE size=11 arraySize=32 ...
2024-02-16T19:04:14.246Z zigbee-herdsman:adapter:ember:adapter:tokens [TOKENS] TOKEN nvm3Key=NVM3KEY_STACK_CHILD_TABLE size=11 arraySize=32 ...
2024-02-16T19:04:14.258Z zigbee-herdsman:adapter:ember:adapter:tokens [TOKENS] TOKEN nvm3Key=NVM3KEY_STACK_CHILD_TABLE size=11 arraySize=32 ...
2024-02-16T19:04:14.270Z zigbee-herdsman:adapter:ember:adapter:tokens [TOKENS] TOKEN nvm3Key=NVM3KEY_STACK_CHILD_TABLE size=11 arraySize=32 ...
2024-02-16T19:04:14.281Z zigbee-herdsman:adapter:ember:adapter:tokens [TOKENS] TOKEN nvm3Key=NVM3KEY_STACK_CHILD_TABLE size=11 arraySize=32 ...
2024-02-16T19:04:14.293Z zigbee-herdsman:adapter:ember:adapter:tokens [TOKENS] TOKEN nvm3Key=NVM3KEY_STACK_CHILD_TABLE size=11 arraySize=32 ...
2024-02-16T19:04:14.305Z zigbee-herdsman:adapter:ember:adapter:tokens [TOKENS] TOKEN nvm3Key=NVM3KEY_STACK_CHILD_TABLE size=11 arraySize=32 ...
2024-02-16T19:04:14.316Z zigbee-herdsman:adapter:ember:adapter:tokens [TOKENS] TOKEN nvm3Key=NVM3KEY_STACK_CHILD_TABLE size=11 arraySize=32 ...
2024-02-16T19:04:14.328Z zigbee-herdsman:adapter:ember:adapter:tokens [TOKENS] TOKEN nvm3Key=NVM3KEY_STACK_CHILD_TABLE size=11 arraySize=32 ...
2024-02-16T19:04:14.340Z zigbee-herdsman:adapter:ember:adapter:tokens [TOKENS] TOKEN nvm3Key=NVM3KEY_STACK_CHILD_TABLE size=11 arraySize=32 ...
2024-02-16T19:04:14.353Z zigbee-herdsman:adapter:ember:adapter:tokens [TOKENS] TOKEN nvm3Key=NVM3KEY_STACK_CHILD_TABLE size=11 arraySize=32 ...
2024-02-16T19:04:14.365Z zigbee-herdsman:adapter:ember:adapter:tokens [TOKENS] TOKEN nvm3Key=NVM3KEY_STACK_CHILD_TABLE size=11 arraySize=32 ...
2024-02-16T19:04:14.377Z zigbee-herdsman:adapter:ember:adapter:tokens [TOKENS] TOKEN nvm3Key=NVM3KEY_STACK_CHILD_TABLE size=11 arraySize=32 ...
2024-02-16T19:04:14.390Z zigbee-herdsman:adapter:ember:adapter:tokens [TOKENS] TOKEN nvm3Key=NVM3KEY_STACK_CHILD_TABLE size=11 arraySize=32 ...
2024-02-16T19:04:14.402Z zigbee-herdsman:adapter:ember:adapter:tokens [TOKENS] TOKEN nvm3Key=NVM3KEY_STACK_CHILD_TABLE size=11 arraySize=32 ...
2024-02-16T19:04:14.415Z zigbee-herdsman:adapter:ember:adapter:tokens [TOKENS] TOKEN nvm3Key=NVM3KEY_STACK_CHILD_TABLE size=11 arraySize=32 ...
2024-02-16T19:04:14.427Z zigbee-herdsman:adapter:ember:adapter:tokens [TOKENS] TOKEN nvm3Key=NVM3KEY_STACK_CHILD_TABLE size=11 arraySize=32 ...
2024-02-16T19:04:14.439Z zigbee-herdsman:adapter:ember:adapter:tokens [TOKENS] TOKEN nvm3Key=NVM3KEY_STACK_CHILD_TABLE size=11 arraySize=32 ...
2024-02-16T19:04:14.451Z zigbee-herdsman:adapter:ember:adapter:tokens [TOKENS] TOKEN nvm3Key=NVM3KEY_STACK_CHILD_TABLE size=11 arraySize=32 ...
2024-02-16T19:04:14.464Z zigbee-herdsman:adapter:ember:adapter:tokens [TOKENS] TOKEN nvm3Key=NVM3KEY_STACK_CHILD_TABLE size=11 arraySize=32 ...
2024-02-16T19:04:14.476Z zigbee-herdsman:adapter:ember:adapter:tokens [TOKENS] TOKEN nvm3Key=NVM3KEY_STACK_CHILD_TABLE size=11 arraySize=32 ...
2024-02-16T19:04:14.488Z zigbee-herdsman:adapter:ember:adapter:tokens [TOKENS] TOKEN nvm3Key=NVM3KEY_STACK_CHILD_TABLE size=11 arraySize=32 ...
2024-02-16T19:04:14.501Z zigbee-herdsman:adapter:ember:adapter:tokens [TOKENS] TOKEN nvm3Key=NVM3KEY_STACK_CHILD_TABLE size=11 arraySize=32 ...
2024-02-16T19:04:14.514Z zigbee-herdsman:adapter:ember:adapter:tokens [TOKENS] TOKEN nvm3Key=NVM3KEY_STACK_CHILD_TABLE size=11 arraySize=32 ...
2024-02-16T19:04:14.526Z zigbee-herdsman:adapter:ember:adapter:tokens [TOKENS] TOKEN nvm3Key=NVM3KEY_STACK_CHILD_TABLE size=11 arraySize=32 ...
2024-02-16T19:04:14.540Z zigbee-herdsman:adapter:ember:adapter:tokens [TOKENS] TOKEN nvm3Key=NVM3KEY_STACK_CHILD_TABLE size=11 arraySize=32 ...
2024-02-16T19:04:14.553Z zigbee-herdsman:adapter:ember:adapter:tokens [TOKENS] TOKEN nvm3Key=NVM3KEY_STACK_CHILD_TABLE size=11 arraySize=32 ...
2024-02-16T19:04:14.565Z zigbee-herdsman:adapter:ember:adapter:tokens [TOKENS] TOKEN nvm3Key=NVM3KEY_STACK_CHILD_TABLE size=11 arraySize=32 ...
2024-02-16T19:04:14.577Z zigbee-herdsman:adapter:ember:adapter:tokens [TOKENS] TOKEN nvm3Key=NVM3KEY_STACK_CHILD_TABLE size=11 arraySize=32 ...
2024-02-16T19:04:14.590Z zigbee-herdsman:adapter:ember:adapter:tokens [TOKENS] TOKEN nvm3Key=NVM3KEY_STACK_CHILD_TABLE size=11 arraySize=32 ...
2024-02-16T19:04:14.611Z zigbee-herdsman:adapter:ember:adapter:tokens [TOKENS] TOKEN nvm3Key=NVM3KEY_STACK_KEY_TABLE size=25 arraySize=12 ...
2024-02-16T19:04:14.626Z zigbee-herdsman:adapter:ember:adapter:tokens [TOKENS] TOKEN nvm3Key=NVM3KEY_STACK_KEY_TABLE size=25 arraySize=12 ...
2024-02-16T19:04:14.640Z zigbee-herdsman:adapter:ember:adapter:tokens [TOKENS] TOKEN nvm3Key=NVM3KEY_STACK_KEY_TABLE size=25 arraySize=12 ...
2024-02-16T19:04:14.654Z zigbee-herdsman:adapter:ember:adapter:tokens [TOKENS] TOKEN nvm3Key=NVM3KEY_STACK_KEY_TABLE size=25 arraySize=12 ...
2024-02-16T19:04:14.669Z zigbee-herdsman:adapter:ember:adapter:tokens [TOKENS] TOKEN nvm3Key=NVM3KEY_STACK_KEY_TABLE size=25 arraySize=12 ...
2024-02-16T19:04:14.683Z zigbee-herdsman:adapter:ember:adapter:tokens [TOKENS] TOKEN nvm3Key=NVM3KEY_STACK_KEY_TABLE size=25 arraySize=12 ...
2024-02-16T19:04:14.697Z zigbee-herdsman:adapter:ember:adapter:tokens [TOKENS] TOKEN nvm3Key=NVM3KEY_STACK_KEY_TABLE size=25 arraySize=12 ...
2024-02-16T19:04:14.712Z zigbee-herdsman:adapter:ember:adapter:tokens [TOKENS] TOKEN nvm3Key=NVM3KEY_STACK_KEY_TABLE size=25 arraySize=12 ...
2024-02-16T19:04:14.727Z zigbee-herdsman:adapter:ember:adapter:tokens [TOKENS] TOKEN nvm3Key=NVM3KEY_STACK_KEY_TABLE size=25 arraySize=12 ...
2024-02-16T19:04:14.741Z zigbee-herdsman:adapter:ember:adapter:tokens [TOKENS] TOKEN nvm3Key=NVM3KEY_STACK_KEY_TABLE size=25 arraySize=12 ...
2024-02-16T19:04:14.756Z zigbee-herdsman:adapter:ember:adapter:tokens [TOKENS] TOKEN nvm3Key=NVM3KEY_STACK_KEY_TABLE size=25 arraySize=12 ...
2024-02-16T19:04:14.770Z zigbee-herdsman:adapter:ember:adapter:tokens [TOKENS] TOKEN nvm3Key=NVM3KEY_STACK_KEY_TABLE size=25 arraySize=12 ...
2024-02-16T19:04:14.795Z zigbee-herdsman:adapter:ember:adapter:tokens [TOKENS] TOKEN nvm3Key=NVM3KEY_STACK_ADDITIONAL_CHILD_DATA size=1 arraySize=32 ...
2024-02-16T19:04:14.807Z zigbee-herdsman:adapter:ember:adapter:tokens [TOKENS] TOKEN nvm3Key=NVM3KEY_STACK_ADDITIONAL_CHILD_DATA size=1 arraySize=32 ...
2024-02-16T19:04:14.818Z zigbee-herdsman:adapter:ember:adapter:tokens [TOKENS] TOKEN nvm3Key=NVM3KEY_STACK_ADDITIONAL_CHILD_DATA size=1 arraySize=32 ...
2024-02-16T19:04:14.829Z zigbee-herdsman:adapter:ember:adapter:tokens [TOKENS] TOKEN nvm3Key=NVM3KEY_STACK_ADDITIONAL_CHILD_DATA size=1 arraySize=32 ...
2024-02-16T19:04:14.841Z zigbee-herdsman:adapter:ember:adapter:tokens [TOKENS] TOKEN nvm3Key=NVM3KEY_STACK_ADDITIONAL_CHILD_DATA size=1 arraySize=32 ...
2024-02-16T19:04:14.852Z zigbee-herdsman:adapter:ember:adapter:tokens [TOKENS] TOKEN nvm3Key=NVM3KEY_STACK_ADDITIONAL_CHILD_DATA size=1 arraySize=32 ...
2024-02-16T19:04:14.864Z zigbee-herdsman:adapter:ember:adapter:tokens [TOKENS] TOKEN nvm3Key=NVM3KEY_STACK_ADDITIONAL_CHILD_DATA size=1 arraySize=32 ...
2024-02-16T19:04:14.875Z zigbee-herdsman:adapter:ember:adapter:tokens [TOKENS] TOKEN nvm3Key=NVM3KEY_STACK_ADDITIONAL_CHILD_DATA size=1 arraySize=32 ...
2024-02-16T19:04:14.886Z zigbee-herdsman:adapter:ember:adapter:tokens [TOKENS] TOKEN nvm3Key=NVM3KEY_STACK_ADDITIONAL_CHILD_DATA size=1 arraySize=32 ...
2024-02-16T19:04:14.898Z zigbee-herdsman:adapter:ember:adapter:tokens [TOKENS] TOKEN nvm3Key=NVM3KEY_STACK_ADDITIONAL_CHILD_DATA size=1 arraySize=32 ...
2024-02-16T19:04:14.909Z zigbee-herdsman:adapter:ember:adapter:tokens [TOKENS] TOKEN nvm3Key=NVM3KEY_STACK_ADDITIONAL_CHILD_DATA size=1 arraySize=32 ...
2024-02-16T19:04:14.921Z zigbee-herdsman:adapter:ember:adapter:tokens [TOKENS] TOKEN nvm3Key=NVM3KEY_STACK_ADDITIONAL_CHILD_DATA size=1 arraySize=32 ...
2024-02-16T19:04:14.932Z zigbee-herdsman:adapter:ember:adapter:tokens [TOKENS] TOKEN nvm3Key=NVM3KEY_STACK_ADDITIONAL_CHILD_DATA size=1 arraySize=32 ...
2024-02-16T19:04:14.943Z zigbee-herdsman:adapter:ember:adapter:tokens [TOKENS] TOKEN nvm3Key=NVM3KEY_STACK_ADDITIONAL_CHILD_DATA size=1 arraySize=32 ...
2024-02-16T19:04:14.955Z zigbee-herdsman:adapter:ember:adapter:tokens [TOKENS] TOKEN nvm3Key=NVM3KEY_STACK_ADDITIONAL_CHILD_DATA size=1 arraySize=32 ...
2024-02-16T19:04:14.966Z zigbee-herdsman:adapter:ember:adapter:tokens [TOKENS] TOKEN nvm3Key=NVM3KEY_STACK_ADDITIONAL_CHILD_DATA size=1 arraySize=32 ...
2024-02-16T19:04:14.978Z zigbee-herdsman:adapter:ember:adapter:tokens [TOKENS] TOKEN nvm3Key=NVM3KEY_STACK_ADDITIONAL_CHILD_DATA size=1 arraySize=32 ...
2024-02-16T19:04:14.989Z zigbee-herdsman:adapter:ember:adapter:tokens [TOKENS] TOKEN nvm3Key=NVM3KEY_STACK_ADDITIONAL_CHILD_DATA size=1 arraySize=32 ...
2024-02-16T19:04:15.000Z zigbee-herdsman:adapter:ember:adapter:tokens [TOKENS] TOKEN nvm3Key=NVM3KEY_STACK_ADDITIONAL_CHILD_DATA size=1 arraySize=32 ...
2024-02-16T19:04:15.012Z zigbee-herdsman:adapter:ember:adapter:tokens [TOKENS] TOKEN nvm3Key=NVM3KEY_STACK_ADDITIONAL_CHILD_DATA size=1 arraySize=32 ...
2024-02-16T19:04:15.023Z zigbee-herdsman:adapter:ember:adapter:tokens [TOKENS] TOKEN nvm3Key=NVM3KEY_STACK_ADDITIONAL_CHILD_DATA size=1 arraySize=32 ...
2024-02-16T19:04:15.034Z zigbee-herdsman:adapter:ember:adapter:tokens [TOKENS] TOKEN nvm3Key=NVM3KEY_STACK_ADDITIONAL_CHILD_DATA size=1 arraySize=32 ...
2024-02-16T19:04:15.046Z zigbee-herdsman:adapter:ember:adapter:tokens [TOKENS] TOKEN nvm3Key=NVM3KEY_STACK_ADDITIONAL_CHILD_DATA size=1 arraySize=32 ...
2024-02-16T19:04:15.057Z zigbee-herdsman:adapter:ember:adapter:tokens [TOKENS] TOKEN nvm3Key=NVM3KEY_STACK_ADDITIONAL_CHILD_DATA size=1 arraySize=32 ...
2024-02-16T19:04:15.068Z zigbee-herdsman:adapter:ember:adapter:tokens [TOKENS] TOKEN nvm3Key=NVM3KEY_STACK_ADDITIONAL_CHILD_DATA size=1 arraySize=32 ...
2024-02-16T19:04:15.080Z zigbee-herdsman:adapter:ember:adapter:tokens [TOKENS] TOKEN nvm3Key=NVM3KEY_STACK_ADDITIONAL_CHILD_DATA size=1 arraySize=32 ...
2024-02-16T19:04:15.091Z zigbee-herdsman:adapter:ember:adapter:tokens [TOKENS] TOKEN nvm3Key=NVM3KEY_STACK_ADDITIONAL_CHILD_DATA size=1 arraySize=32 ...
2024-02-16T19:04:15.103Z zigbee-herdsman:adapter:ember:adapter:tokens [TOKENS] TOKEN nvm3Key=NVM3KEY_STACK_ADDITIONAL_CHILD_DATA size=1 arraySize=32 ...
2024-02-16T19:04:15.115Z zigbee-herdsman:adapter:ember:adapter:tokens [TOKENS] TOKEN nvm3Key=NVM3KEY_STACK_ADDITIONAL_CHILD_DATA size=1 arraySize=32 ...
2024-02-16T19:04:15.126Z zigbee-herdsman:adapter:ember:adapter:tokens [TOKENS] TOKEN nvm3Key=NVM3KEY_STACK_ADDITIONAL_CHILD_DATA size=1 arraySize=32 ...
2024-02-16T19:04:15.137Z zigbee-herdsman:adapter:ember:adapter:tokens [TOKENS] TOKEN nvm3Key=NVM3KEY_STACK_ADDITIONAL_CHILD_DATA size=1 arraySize=32 ...
2024-02-16T19:04:15.149Z zigbee-herdsman:adapter:ember:adapter:tokens [TOKENS] TOKEN nvm3Key=NVM3KEY_STACK_ADDITIONAL_CHILD_DATA size=1 arraySize=32 ...
2024-02-16T19:04:15.170Z zigbee-herdsman:adapter:ember:adapter:tokens [TOKENS] TOKEN nvm3Key=NVM3KEY_STACK_ZLL_DATA size=16 arraySize=1 ...
2024-02-16T19:04:15.194Z zigbee-herdsman:adapter:ember:adapter:tokens [TOKENS] TOKEN nvm3Key=NVM3KEY_STACK_ZLL_SECURITY size=40 arraySize=1 ...
2024-02-16T19:04:15.215Z zigbee-herdsman:adapter:ember:adapter:tokens [TOKENS] TOKEN nvm3Key=NVM3KEY_STACK_GP_DATA size=18 arraySize=1 ...
2024-02-16T19:04:15.241Z zigbee-herdsman:adapter:ember:adapter:tokens [TOKENS] TOKEN nvm3Key=NVM3KEY_STACK_GP_PROXY_TABLE size=52 arraySize=5 ...
2024-02-16T19:04:15.260Z zigbee-herdsman:adapter:ember:adapter:tokens [TOKENS] TOKEN nvm3Key=NVM3KEY_STACK_GP_PROXY_TABLE size=52 arraySize=5 ...
2024-02-16T19:04:15.278Z zigbee-herdsman:adapter:ember:adapter:tokens [TOKENS] TOKEN nvm3Key=NVM3KEY_STACK_GP_PROXY_TABLE size=52 arraySize=5 ...
2024-02-16T19:04:15.297Z zigbee-herdsman:adapter:ember:adapter:tokens [TOKENS] TOKEN nvm3Key=NVM3KEY_STACK_GP_PROXY_TABLE size=52 arraySize=5 ...
2024-02-16T19:04:15.316Z zigbee-herdsman:adapter:ember:adapter:tokens [TOKENS] TOKEN nvm3Key=NVM3KEY_STACK_GP_PROXY_TABLE size=52 arraySize=5 ...





2024-02-16T20:58:18.792Z zigbee-herdsman:adapter:ember:adapter:tokens [TOKENS] Saving 37 tokens, without secure storage.
2024-02-16T20:58:18.807Z zigbee-herdsman:adapter:ember:adapter:tokens [TOKENS] TOKEN nvm3Key=NVM3KEY_STACK_NVDATA_VERSION size=2 arraySize=1 ...
2024-02-16T20:58:18.823Z zigbee-herdsman:adapter:ember:adapter:tokens [TOKENS] TOKEN nvm3Key=NVM3KEY_STACK_APS_FRAME_COUNTER size=4 arraySize=1 ...
2024-02-16T20:58:18.840Z zigbee-herdsman:adapter:ember:adapter:tokens [TOKENS] TOKEN nvm3Key=NVM3KEY_STACK_ALTERNATE_KEY size=17 arraySize=1 ...
2024-02-16T20:58:18.857Z zigbee-herdsman:adapter:ember:adapter:tokens [TOKENS] TOKEN nvm3Key=NVM3KEY_STACK_BOOT_COUNTER size=4 arraySize=1 ...
2024-02-16T20:58:18.873Z zigbee-herdsman:adapter:ember:adapter:tokens [TOKENS] TOKEN nvm3Key=NVM3KEY_STACK_NONCE_COUNTER size=4 arraySize=1 ...
2024-02-16T20:58:18.888Z zigbee-herdsman:adapter:ember:adapter:tokens [TOKENS] TOKEN nvm3Key=NVM3KEY_STACK_ANALYSIS_REBOOT size=2 arraySize=1 ...
2024-02-16T20:58:18.906Z zigbee-herdsman:adapter:ember:adapter:tokens [TOKENS] TOKEN nvm3Key=NVM3KEY_STACK_KEYS size=17 arraySize=1 ...
2024-02-16T20:58:18.926Z zigbee-herdsman:adapter:ember:adapter:tokens [TOKENS] TOKEN nvm3Key=NVM3KEY_STACK_NODE_DATA size=16 arraySize=1 ...
2024-02-16T20:58:18.945Z zigbee-herdsman:adapter:ember:adapter:tokens [TOKENS] TOKEN nvm3Key=NVM3KEY_STACK_TRUST_CENTER size=26 arraySize=1 ...
2024-02-16T20:58:18.962Z zigbee-herdsman:adapter:ember:adapter:tokens [TOKENS] TOKEN nvm3Key=NVM3KEY_STACK_NETWORK_MANAGEMENT size=8 arraySize=1 ...
2024-02-16T20:58:18.980Z zigbee-herdsman:adapter:ember:adapter:tokens [TOKENS] TOKEN nvm3Key=NVM3KEY_STACK_PARENT_INFO size=10 arraySize=1 ...
2024-02-16T20:58:18.996Z zigbee-herdsman:adapter:ember:adapter:tokens [TOKENS] TOKEN nvm3Key=NVM3KEY_STACK_PARENT_ADDITIONAL_INFO size=2 arraySize=1 ...
2024-02-16T20:58:19.015Z zigbee-herdsman:adapter:ember:adapter:tokens [TOKENS] TOKEN nvm3Key=NVM3KEY_STACK_MULTI_PHY_NWK_INFO size=24 arraySize=1 ...
2024-02-16T20:58:19.031Z zigbee-herdsman:adapter:ember:adapter:tokens [TOKENS] TOKEN nvm3Key=NVM3KEY_STACK_MIN_RECEIVED_RSSI size=1 arraySize=1 ...
2024-02-16T20:58:19.048Z zigbee-herdsman:adapter:ember:adapter:tokens [TOKENS] TOKEN nvm3Key=NVM3KEY_STACK_RESTORED_EUI64 size=8 arraySize=1 ...
2024-02-16T20:58:19.107Z zigbee-herdsman:adapter:ember:adapter:tokens [TOKENS] TOKEN nvm3Key=NVM3KEY_MULTI_NETWORK_STACK_NONCE_COUNTER size=4 arraySize=1 ...
2024-02-16T20:58:19.131Z zigbee-herdsman:adapter:ember:adapter:tokens [TOKENS] TOKEN nvm3Key=NVM3KEY_STACK_BINDING_TABLE size=13 arraySize=32 ...
2024-02-16T20:58:19.145Z zigbee-herdsman:adapter:ember:adapter:tokens [TOKENS] TOKEN nvm3Key=NVM3KEY_STACK_BINDING_TABLE size=13 arraySize=32 ...
2024-02-16T20:58:19.157Z zigbee-herdsman:adapter:ember:adapter:tokens [TOKENS] TOKEN nvm3Key=NVM3KEY_STACK_BINDING_TABLE size=13 arraySize=32 ...
2024-02-16T20:58:19.169Z zigbee-herdsman:adapter:ember:adapter:tokens [TOKENS] TOKEN nvm3Key=NVM3KEY_STACK_BINDING_TABLE size=13 arraySize=32 ...
2024-02-16T20:58:19.181Z zigbee-herdsman:adapter:ember:adapter:tokens [TOKENS] TOKEN nvm3Key=NVM3KEY_STACK_BINDING_TABLE size=13 arraySize=32 ...
2024-02-16T20:58:19.193Z zigbee-herdsman:adapter:ember:adapter:tokens [TOKENS] TOKEN nvm3Key=NVM3KEY_STACK_BINDING_TABLE size=13 arraySize=32 ...
2024-02-16T20:58:19.205Z zigbee-herdsman:adapter:ember:adapter:tokens [TOKENS] TOKEN nvm3Key=NVM3KEY_STACK_BINDING_TABLE size=13 arraySize=32 ...
2024-02-16T20:58:19.217Z zigbee-herdsman:adapter:ember:adapter:tokens [TOKENS] TOKEN nvm3Key=NVM3KEY_STACK_BINDING_TABLE size=13 arraySize=32 ...
2024-02-16T20:58:19.230Z zigbee-herdsman:adapter:ember:adapter:tokens [TOKENS] TOKEN nvm3Key=NVM3KEY_STACK_BINDING_TABLE size=13 arraySize=32 ...
2024-02-16T20:58:19.242Z zigbee-herdsman:adapter:ember:adapter:tokens [TOKENS] TOKEN nvm3Key=NVM3KEY_STACK_BINDING_TABLE size=13 arraySize=32 ...
2024-02-16T20:58:19.255Z zigbee-herdsman:adapter:ember:adapter:tokens [TOKENS] TOKEN nvm3Key=NVM3KEY_STACK_BINDING_TABLE size=13 arraySize=32 ...
2024-02-16T20:58:19.267Z zigbee-herdsman:adapter:ember:adapter:tokens [TOKENS] TOKEN nvm3Key=NVM3KEY_STACK_BINDING_TABLE size=13 arraySize=32 ...
2024-02-16T20:58:19.280Z zigbee-herdsman:adapter:ember:adapter:tokens [TOKENS] TOKEN nvm3Key=NVM3KEY_STACK_BINDING_TABLE size=13 arraySize=32 ...
2024-02-16T20:58:19.292Z zigbee-herdsman:adapter:ember:adapter:tokens [TOKENS] TOKEN nvm3Key=NVM3KEY_STACK_BINDING_TABLE size=13 arraySize=32 ...
2024-02-16T20:58:19.305Z zigbee-herdsman:adapter:ember:adapter:tokens [TOKENS] TOKEN nvm3Key=NVM3KEY_STACK_BINDING_TABLE size=13 arraySize=32 ...
2024-02-16T20:58:19.317Z zigbee-herdsman:adapter:ember:adapter:tokens [TOKENS] TOKEN nvm3Key=NVM3KEY_STACK_BINDING_TABLE size=13 arraySize=32 ...
2024-02-16T20:58:19.329Z zigbee-herdsman:adapter:ember:adapter:tokens [TOKENS] TOKEN nvm3Key=NVM3KEY_STACK_BINDING_TABLE size=13 arraySize=32 ...
2024-02-16T20:58:19.341Z zigbee-herdsman:adapter:ember:adapter:tokens [TOKENS] TOKEN nvm3Key=NVM3KEY_STACK_BINDING_TABLE size=13 arraySize=32 ...
2024-02-16T20:58:19.354Z zigbee-herdsman:adapter:ember:adapter:tokens [TOKENS] TOKEN nvm3Key=NVM3KEY_STACK_BINDING_TABLE size=13 arraySize=32 ...
2024-02-16T20:58:19.366Z zigbee-herdsman:adapter:ember:adapter:tokens [TOKENS] TOKEN nvm3Key=NVM3KEY_STACK_BINDING_TABLE size=13 arraySize=32 ...
2024-02-16T20:58:19.378Z zigbee-herdsman:adapter:ember:adapter:tokens [TOKENS] TOKEN nvm3Key=NVM3KEY_STACK_BINDING_TABLE size=13 arraySize=32 ...
2024-02-16T20:58:19.391Z zigbee-herdsman:adapter:ember:adapter:tokens [TOKENS] TOKEN nvm3Key=NVM3KEY_STACK_BINDING_TABLE size=13 arraySize=32 ...
2024-02-16T20:58:19.403Z zigbee-herdsman:adapter:ember:adapter:tokens [TOKENS] TOKEN nvm3Key=NVM3KEY_STACK_BINDING_TABLE size=13 arraySize=32 ...
2024-02-16T20:58:19.416Z zigbee-herdsman:adapter:ember:adapter:tokens [TOKENS] TOKEN nvm3Key=NVM3KEY_STACK_BINDING_TABLE size=13 arraySize=32 ...
2024-02-16T20:58:19.428Z zigbee-herdsman:adapter:ember:adapter:tokens [TOKENS] TOKEN nvm3Key=NVM3KEY_STACK_BINDING_TABLE size=13 arraySize=32 ...
2024-02-16T20:58:19.441Z zigbee-herdsman:adapter:ember:adapter:tokens [TOKENS] TOKEN nvm3Key=NVM3KEY_STACK_BINDING_TABLE size=13 arraySize=32 ...
2024-02-16T20:58:19.453Z zigbee-herdsman:adapter:ember:adapter:tokens [TOKENS] TOKEN nvm3Key=NVM3KEY_STACK_BINDING_TABLE size=13 arraySize=32 ...
2024-02-16T20:58:19.465Z zigbee-herdsman:adapter:ember:adapter:tokens [TOKENS] TOKEN nvm3Key=NVM3KEY_STACK_BINDING_TABLE size=13 arraySize=32 ...
2024-02-16T20:58:19.477Z zigbee-herdsman:adapter:ember:adapter:tokens [TOKENS] TOKEN nvm3Key=NVM3KEY_STACK_BINDING_TABLE size=13 arraySize=32 ...
2024-02-16T20:58:19.489Z zigbee-herdsman:adapter:ember:adapter:tokens [TOKENS] TOKEN nvm3Key=NVM3KEY_STACK_BINDING_TABLE size=13 arraySize=32 ...
2024-02-16T20:58:19.502Z zigbee-herdsman:adapter:ember:adapter:tokens [TOKENS] TOKEN nvm3Key=NVM3KEY_STACK_BINDING_TABLE size=13 arraySize=32 ...
2024-02-16T20:58:19.514Z zigbee-herdsman:adapter:ember:adapter:tokens [TOKENS] TOKEN nvm3Key=NVM3KEY_STACK_BINDING_TABLE size=13 arraySize=32 ...
2024-02-16T20:58:19.534Z zigbee-herdsman:adapter:ember:adapter:tokens [TOKENS] TOKEN nvm3Key=NVM3KEY_STACK_CHILD_TABLE size=11 arraySize=32 ...
2024-02-16T20:58:19.547Z zigbee-herdsman:adapter:ember:adapter:tokens [TOKENS] TOKEN nvm3Key=NVM3KEY_STACK_CHILD_TABLE size=11 arraySize=32 ...
2024-02-16T20:58:19.559Z zigbee-herdsman:adapter:ember:adapter:tokens [TOKENS] TOKEN nvm3Key=NVM3KEY_STACK_CHILD_TABLE size=11 arraySize=32 ...
2024-02-16T20:58:19.571Z zigbee-herdsman:adapter:ember:adapter:tokens [TOKENS] TOKEN nvm3Key=NVM3KEY_STACK_CHILD_TABLE size=11 arraySize=32 ...
2024-02-16T20:58:19.584Z zigbee-herdsman:adapter:ember:adapter:tokens [TOKENS] TOKEN nvm3Key=NVM3KEY_STACK_CHILD_TABLE size=11 arraySize=32 ...
2024-02-16T20:58:19.595Z zigbee-herdsman:adapter:ember:adapter:tokens [TOKENS] TOKEN nvm3Key=NVM3KEY_STACK_CHILD_TABLE size=11 arraySize=32 ...
2024-02-16T20:58:19.607Z zigbee-herdsman:adapter:ember:adapter:tokens [TOKENS] TOKEN nvm3Key=NVM3KEY_STACK_CHILD_TABLE size=11 arraySize=32 ...
2024-02-16T20:58:19.619Z zigbee-herdsman:adapter:ember:adapter:tokens [TOKENS] TOKEN nvm3Key=NVM3KEY_STACK_CHILD_TABLE size=11 arraySize=32 ...
2024-02-16T20:58:19.632Z zigbee-herdsman:adapter:ember:adapter:tokens [TOKENS] TOKEN nvm3Key=NVM3KEY_STACK_CHILD_TABLE size=11 arraySize=32 ...
2024-02-16T20:58:19.644Z zigbee-herdsman:adapter:ember:adapter:tokens [TOKENS] TOKEN nvm3Key=NVM3KEY_STACK_CHILD_TABLE size=11 arraySize=32 ...
2024-02-16T20:58:19.656Z zigbee-herdsman:adapter:ember:adapter:tokens [TOKENS] TOKEN nvm3Key=NVM3KEY_STACK_CHILD_TABLE size=11 arraySize=32 ...
2024-02-16T20:58:19.668Z zigbee-herdsman:adapter:ember:adapter:tokens [TOKENS] TOKEN nvm3Key=NVM3KEY_STACK_CHILD_TABLE size=11 arraySize=32 ...
2024-02-16T20:58:19.681Z zigbee-herdsman:adapter:ember:adapter:tokens [TOKENS] TOKEN nvm3Key=NVM3KEY_STACK_CHILD_TABLE size=11 arraySize=32 ...
2024-02-16T20:58:19.693Z zigbee-herdsman:adapter:ember:adapter:tokens [TOKENS] TOKEN nvm3Key=NVM3KEY_STACK_CHILD_TABLE size=11 arraySize=32 ...
2024-02-16T20:58:19.705Z zigbee-herdsman:adapter:ember:adapter:tokens [TOKENS] TOKEN nvm3Key=NVM3KEY_STACK_CHILD_TABLE size=11 arraySize=32 ...
2024-02-16T20:58:19.717Z zigbee-herdsman:adapter:ember:adapter:tokens [TOKENS] TOKEN nvm3Key=NVM3KEY_STACK_CHILD_TABLE size=11 arraySize=32 ...
2024-02-16T20:58:19.729Z zigbee-herdsman:adapter:ember:adapter:tokens [TOKENS] TOKEN nvm3Key=NVM3KEY_STACK_CHILD_TABLE size=11 arraySize=32 ...
2024-02-16T20:58:19.741Z zigbee-herdsman:adapter:ember:adapter:tokens [TOKENS] TOKEN nvm3Key=NVM3KEY_STACK_CHILD_TABLE size=11 arraySize=32 ...
2024-02-16T20:58:19.753Z zigbee-herdsman:adapter:ember:adapter:tokens [TOKENS] TOKEN nvm3Key=NVM3KEY_STACK_CHILD_TABLE size=11 arraySize=32 ...
2024-02-16T20:58:19.765Z zigbee-herdsman:adapter:ember:adapter:tokens [TOKENS] TOKEN nvm3Key=NVM3KEY_STACK_CHILD_TABLE size=11 arraySize=32 ...
2024-02-16T20:58:19.777Z zigbee-herdsman:adapter:ember:adapter:tokens [TOKENS] TOKEN nvm3Key=NVM3KEY_STACK_CHILD_TABLE size=11 arraySize=32 ...
2024-02-16T20:58:19.790Z zigbee-herdsman:adapter:ember:adapter:tokens [TOKENS] TOKEN nvm3Key=NVM3KEY_STACK_CHILD_TABLE size=11 arraySize=32 ...
2024-02-16T20:58:19.802Z zigbee-herdsman:adapter:ember:adapter:tokens [TOKENS] TOKEN nvm3Key=NVM3KEY_STACK_CHILD_TABLE size=11 arraySize=32 ...
2024-02-16T20:58:19.814Z zigbee-herdsman:adapter:ember:adapter:tokens [TOKENS] TOKEN nvm3Key=NVM3KEY_STACK_CHILD_TABLE size=11 arraySize=32 ...
2024-02-16T20:58:19.827Z zigbee-herdsman:adapter:ember:adapter:tokens [TOKENS] TOKEN nvm3Key=NVM3KEY_STACK_CHILD_TABLE size=11 arraySize=32 ...
2024-02-16T20:58:19.839Z zigbee-herdsman:adapter:ember:adapter:tokens [TOKENS] TOKEN nvm3Key=NVM3KEY_STACK_CHILD_TABLE size=11 arraySize=32 ...
2024-02-16T20:58:19.852Z zigbee-herdsman:adapter:ember:adapter:tokens [TOKENS] TOKEN nvm3Key=NVM3KEY_STACK_CHILD_TABLE size=11 arraySize=32 ...
2024-02-16T20:58:19.864Z zigbee-herdsman:adapter:ember:adapter:tokens [TOKENS] TOKEN nvm3Key=NVM3KEY_STACK_CHILD_TABLE size=11 arraySize=32 ...
2024-02-16T20:58:19.876Z zigbee-herdsman:adapter:ember:adapter:tokens [TOKENS] TOKEN nvm3Key=NVM3KEY_STACK_CHILD_TABLE size=11 arraySize=32 ...
2024-02-16T20:58:19.887Z zigbee-herdsman:adapter:ember:adapter:tokens [TOKENS] TOKEN nvm3Key=NVM3KEY_STACK_CHILD_TABLE size=11 arraySize=32 ...
2024-02-16T20:58:19.899Z zigbee-herdsman:adapter:ember:adapter:tokens [TOKENS] TOKEN nvm3Key=NVM3KEY_STACK_CHILD_TABLE size=11 arraySize=32 ...
2024-02-16T20:58:19.912Z zigbee-herdsman:adapter:ember:adapter:tokens [TOKENS] TOKEN nvm3Key=NVM3KEY_STACK_CHILD_TABLE size=11 arraySize=32 ...
2024-02-16T20:58:19.933Z zigbee-herdsman:adapter:ember:adapter:tokens [TOKENS] TOKEN nvm3Key=NVM3KEY_STACK_KEY_TABLE size=25 arraySize=12 ...
2024-02-16T20:58:19.947Z zigbee-herdsman:adapter:ember:adapter:tokens [TOKENS] TOKEN nvm3Key=NVM3KEY_STACK_KEY_TABLE size=25 arraySize=12 ...
2024-02-16T20:58:19.961Z zigbee-herdsman:adapter:ember:adapter:tokens [TOKENS] TOKEN nvm3Key=NVM3KEY_STACK_KEY_TABLE size=25 arraySize=12 ...
2024-02-16T20:58:19.976Z zigbee-herdsman:adapter:ember:adapter:tokens [TOKENS] TOKEN nvm3Key=NVM3KEY_STACK_KEY_TABLE size=25 arraySize=12 ...
2024-02-16T20:58:19.991Z zigbee-herdsman:adapter:ember:adapter:tokens [TOKENS] TOKEN nvm3Key=NVM3KEY_STACK_KEY_TABLE size=25 arraySize=12 ...
2024-02-16T20:58:20.005Z zigbee-herdsman:adapter:ember:adapter:tokens [TOKENS] TOKEN nvm3Key=NVM3KEY_STACK_KEY_TABLE size=25 arraySize=12 ...
2024-02-16T20:58:20.019Z zigbee-herdsman:adapter:ember:adapter:tokens [TOKENS] TOKEN nvm3Key=NVM3KEY_STACK_KEY_TABLE size=25 arraySize=12 ...
2024-02-16T20:58:20.034Z zigbee-herdsman:adapter:ember:adapter:tokens [TOKENS] TOKEN nvm3Key=NVM3KEY_STACK_KEY_TABLE size=25 arraySize=12 ...
2024-02-16T20:58:20.048Z zigbee-herdsman:adapter:ember:adapter:tokens [TOKENS] TOKEN nvm3Key=NVM3KEY_STACK_KEY_TABLE size=25 arraySize=12 ...
2024-02-16T20:58:20.062Z zigbee-herdsman:adapter:ember:adapter:tokens [TOKENS] TOKEN nvm3Key=NVM3KEY_STACK_KEY_TABLE size=25 arraySize=12 ...
2024-02-16T20:58:20.076Z zigbee-herdsman:adapter:ember:adapter:tokens [TOKENS] TOKEN nvm3Key=NVM3KEY_STACK_KEY_TABLE size=25 arraySize=12 ...
2024-02-16T20:58:20.090Z zigbee-herdsman:adapter:ember:adapter:tokens [TOKENS] TOKEN nvm3Key=NVM3KEY_STACK_KEY_TABLE size=25 arraySize=12 ...
2024-02-16T20:58:20.116Z zigbee-herdsman:adapter:ember:adapter:tokens [TOKENS] TOKEN nvm3Key=NVM3KEY_STACK_ADDITIONAL_CHILD_DATA size=1 arraySize=32 ...
2024-02-16T20:58:20.127Z zigbee-herdsman:adapter:ember:adapter:tokens [TOKENS] TOKEN nvm3Key=NVM3KEY_STACK_ADDITIONAL_CHILD_DATA size=1 arraySize=32 ...
2024-02-16T20:58:20.138Z zigbee-herdsman:adapter:ember:adapter:tokens [TOKENS] TOKEN nvm3Key=NVM3KEY_STACK_ADDITIONAL_CHILD_DATA size=1 arraySize=32 ...
2024-02-16T20:58:20.150Z zigbee-herdsman:adapter:ember:adapter:tokens [TOKENS] TOKEN nvm3Key=NVM3KEY_STACK_ADDITIONAL_CHILD_DATA size=1 arraySize=32 ...
2024-02-16T20:58:20.161Z zigbee-herdsman:adapter:ember:adapter:tokens [TOKENS] TOKEN nvm3Key=NVM3KEY_STACK_ADDITIONAL_CHILD_DATA size=1 arraySize=32 ...
2024-02-16T20:58:20.172Z zigbee-herdsman:adapter:ember:adapter:tokens [TOKENS] TOKEN nvm3Key=NVM3KEY_STACK_ADDITIONAL_CHILD_DATA size=1 arraySize=32 ...
2024-02-16T20:58:20.183Z zigbee-herdsman:adapter:ember:adapter:tokens [TOKENS] TOKEN nvm3Key=NVM3KEY_STACK_ADDITIONAL_CHILD_DATA size=1 arraySize=32 ...
2024-02-16T20:58:20.194Z zigbee-herdsman:adapter:ember:adapter:tokens [TOKENS] TOKEN nvm3Key=NVM3KEY_STACK_ADDITIONAL_CHILD_DATA size=1 arraySize=32 ...
2024-02-16T20:58:20.205Z zigbee-herdsman:adapter:ember:adapter:tokens [TOKENS] TOKEN nvm3Key=NVM3KEY_STACK_ADDITIONAL_CHILD_DATA size=1 arraySize=32 ...
2024-02-16T20:58:20.217Z zigbee-herdsman:adapter:ember:adapter:tokens [TOKENS] TOKEN nvm3Key=NVM3KEY_STACK_ADDITIONAL_CHILD_DATA size=1 arraySize=32 ...
2024-02-16T20:58:20.228Z zigbee-herdsman:adapter:ember:adapter:tokens [TOKENS] TOKEN nvm3Key=NVM3KEY_STACK_ADDITIONAL_CHILD_DATA size=1 arraySize=32 ...
2024-02-16T20:58:20.239Z zigbee-herdsman:adapter:ember:adapter:tokens [TOKENS] TOKEN nvm3Key=NVM3KEY_STACK_ADDITIONAL_CHILD_DATA size=1 arraySize=32 ...
2024-02-16T20:58:20.250Z zigbee-herdsman:adapter:ember:adapter:tokens [TOKENS] TOKEN nvm3Key=NVM3KEY_STACK_ADDITIONAL_CHILD_DATA size=1 arraySize=32 ...
2024-02-16T20:58:20.262Z zigbee-herdsman:adapter:ember:adapter:tokens [TOKENS] TOKEN nvm3Key=NVM3KEY_STACK_ADDITIONAL_CHILD_DATA size=1 arraySize=32 ...
2024-02-16T20:58:20.273Z zigbee-herdsman:adapter:ember:adapter:tokens [TOKENS] TOKEN nvm3Key=NVM3KEY_STACK_ADDITIONAL_CHILD_DATA size=1 arraySize=32 ...
2024-02-16T20:58:20.284Z zigbee-herdsman:adapter:ember:adapter:tokens [TOKENS] TOKEN nvm3Key=NVM3KEY_STACK_ADDITIONAL_CHILD_DATA size=1 arraySize=32 ...
2024-02-16T20:58:20.295Z zigbee-herdsman:adapter:ember:adapter:tokens [TOKENS] TOKEN nvm3Key=NVM3KEY_STACK_ADDITIONAL_CHILD_DATA size=1 arraySize=32 ...
2024-02-16T20:58:20.306Z zigbee-herdsman:adapter:ember:adapter:tokens [TOKENS] TOKEN nvm3Key=NVM3KEY_STACK_ADDITIONAL_CHILD_DATA size=1 arraySize=32 ...
2024-02-16T20:58:20.317Z zigbee-herdsman:adapter:ember:adapter:tokens [TOKENS] TOKEN nvm3Key=NVM3KEY_STACK_ADDITIONAL_CHILD_DATA size=1 arraySize=32 ...
2024-02-16T20:58:20.328Z zigbee-herdsman:adapter:ember:adapter:tokens [TOKENS] TOKEN nvm3Key=NVM3KEY_STACK_ADDITIONAL_CHILD_DATA size=1 arraySize=32 ...
2024-02-16T20:58:20.339Z zigbee-herdsman:adapter:ember:adapter:tokens [TOKENS] TOKEN nvm3Key=NVM3KEY_STACK_ADDITIONAL_CHILD_DATA size=1 arraySize=32 ...
2024-02-16T20:58:20.351Z zigbee-herdsman:adapter:ember:adapter:tokens [TOKENS] TOKEN nvm3Key=NVM3KEY_STACK_ADDITIONAL_CHILD_DATA size=1 arraySize=32 ...
2024-02-16T20:58:20.362Z zigbee-herdsman:adapter:ember:adapter:tokens [TOKENS] TOKEN nvm3Key=NVM3KEY_STACK_ADDITIONAL_CHILD_DATA size=1 arraySize=32 ...
2024-02-16T20:58:20.374Z zigbee-herdsman:adapter:ember:adapter:tokens [TOKENS] TOKEN nvm3Key=NVM3KEY_STACK_ADDITIONAL_CHILD_DATA size=1 arraySize=32 ...
2024-02-16T20:58:20.386Z zigbee-herdsman:adapter:ember:adapter:tokens [TOKENS] TOKEN nvm3Key=NVM3KEY_STACK_ADDITIONAL_CHILD_DATA size=1 arraySize=32 ...
2024-02-16T20:58:20.398Z zigbee-herdsman:adapter:ember:adapter:tokens [TOKENS] TOKEN nvm3Key=NVM3KEY_STACK_ADDITIONAL_CHILD_DATA size=1 arraySize=32 ...
2024-02-16T20:58:20.409Z zigbee-herdsman:adapter:ember:adapter:tokens [TOKENS] TOKEN nvm3Key=NVM3KEY_STACK_ADDITIONAL_CHILD_DATA size=1 arraySize=32 ...
2024-02-16T20:58:20.420Z zigbee-herdsman:adapter:ember:adapter:tokens [TOKENS] TOKEN nvm3Key=NVM3KEY_STACK_ADDITIONAL_CHILD_DATA size=1 arraySize=32 ...
2024-02-16T20:58:20.431Z zigbee-herdsman:adapter:ember:adapter:tokens [TOKENS] TOKEN nvm3Key=NVM3KEY_STACK_ADDITIONAL_CHILD_DATA size=1 arraySize=32 ...
2024-02-16T20:58:20.442Z zigbee-herdsman:adapter:ember:adapter:tokens [TOKENS] TOKEN nvm3Key=NVM3KEY_STACK_ADDITIONAL_CHILD_DATA size=1 arraySize=32 ...
2024-02-16T20:58:20.453Z zigbee-herdsman:adapter:ember:adapter:tokens [TOKENS] TOKEN nvm3Key=NVM3KEY_STACK_ADDITIONAL_CHILD_DATA size=1 arraySize=32 ...
2024-02-16T20:58:20.464Z zigbee-herdsman:adapter:ember:adapter:tokens [TOKENS] TOKEN nvm3Key=NVM3KEY_STACK_ADDITIONAL_CHILD_DATA size=1 arraySize=32 ...
2024-02-16T20:58:20.484Z zigbee-herdsman:adapter:ember:adapter:tokens [TOKENS] TOKEN nvm3Key=NVM3KEY_STACK_ZLL_DATA size=16 arraySize=1 ...
2024-02-16T20:58:20.508Z zigbee-herdsman:adapter:ember:adapter:tokens [TOKENS] TOKEN nvm3Key=NVM3KEY_STACK_ZLL_SECURITY size=40 arraySize=1 ...
2024-02-16T20:58:20.529Z zigbee-herdsman:adapter:ember:adapter:tokens [TOKENS] TOKEN nvm3Key=NVM3KEY_STACK_GP_DATA size=18 arraySize=1 ...
2024-02-16T20:58:20.555Z zigbee-herdsman:adapter:ember:adapter:tokens [TOKENS] TOKEN nvm3Key=NVM3KEY_STACK_GP_PROXY_TABLE size=52 arraySize=5 ...
2024-02-16T20:58:20.573Z zigbee-herdsman:adapter:ember:adapter:tokens [TOKENS] TOKEN nvm3Key=NVM3KEY_STACK_GP_PROXY_TABLE size=52 arraySize=5 ...
2024-02-16T20:58:20.592Z zigbee-herdsman:adapter:ember:adapter:tokens [TOKENS] TOKEN nvm3Key=NVM3KEY_STACK_GP_PROXY_TABLE size=52 arraySize=5 ...
2024-02-16T20:58:20.610Z zigbee-herdsman:adapter:ember:adapter:tokens [TOKENS] TOKEN nvm3Key=NVM3KEY_STACK_GP_PROXY_TABLE size=52 arraySize=5 ...
2024-02-16T20:58:20.629Z zigbee-herdsman:adapter:ember:adapter:tokens [TOKENS] TOKEN nvm3Key=NVM3KEY_STACK_GP_PROXY_TABLE size=52 arraySize=5 ...
